[2025-10-07T01:15:05.045+0000] {local_task_job_runner.py:120} INFO - ::group::Pre task execution logs
[2025-10-07T01:15:05.057+0000] {taskinstance.py:2076} INFO - Dependencies all met for dep_context=non-requeueable deps ti=<TaskInstance: Airflow_Lab2.send_email manual__2025-10-07T01:14:35.811608+00:00 [queued]>
[2025-10-07T01:15:05.060+0000] {taskinstance.py:2076} INFO - Dependencies all met for dep_context=requeueable deps ti=<TaskInstance: Airflow_Lab2.send_email manual__2025-10-07T01:14:35.811608+00:00 [queued]>
[2025-10-07T01:15:05.060+0000] {taskinstance.py:2306} INFO - Starting attempt 1 of 1
[2025-10-07T01:15:05.065+0000] {taskinstance.py:2330} INFO - Executing <Task(EmailOperator): send_email> on 2025-10-07 01:14:35.811608+00:00
[2025-10-07T01:15:05.086+0000] {warnings.py:112} WARNING - /home/***/.local/lib/python3.12/site-packages/***/task/task_runner/standard_task_runner.py:61: DeprecationWarning: This process (pid=192) is multi-threaded, use of fork() may lead to deadlocks in the child.
  pid = os.fork()

[2025-10-07T01:15:05.087+0000] {standard_task_runner.py:63} INFO - Started process 201 to run task
[2025-10-07T01:15:05.086+0000] {standard_task_runner.py:90} INFO - Running: ['***', 'tasks', 'run', 'Airflow_Lab2', 'send_email', 'manual__2025-10-07T01:14:35.811608+00:00', '--job-id', '10', '--raw', '--subdir', 'DAGS_FOLDER/main.py', '--cfg-path', '/tmp/tmpmlibppm8']
[2025-10-07T01:15:05.088+0000] {standard_task_runner.py:91} INFO - Job 10: Subtask send_email
[2025-10-07T01:15:05.147+0000] {task_command.py:426} INFO - Running <TaskInstance: Airflow_Lab2.send_email manual__2025-10-07T01:14:35.811608+00:00 [running]> on host a2f5a30149ba
[2025-10-07T01:15:05.205+0000] {taskinstance.py:2648} INFO - Exporting env vars: AIRFLOW_CTX_DAG_OWNER='***' AIRFLOW_CTX_DAG_ID='Airflow_Lab2' AIRFLOW_CTX_TASK_ID='send_email' AIRFLOW_CTX_EXECUTION_DATE='2025-10-07T01:14:35.811608+00:00' AIRFLOW_CTX_TRY_NUMBER='1' AIRFLOW_CTX_DAG_RUN_ID='manual__2025-10-07T01:14:35.811608+00:00'
[2025-10-07T01:15:05.206+0000] {taskinstance.py:430} INFO - ::endgroup::
[2025-10-07T01:15:05.222+0000] {warnings.py:112} WARNING - /home/***/.local/lib/python3.12/site-packages/***/utils/email.py:154: RemovedInAirflow3Warning: Fetching SMTP credentials from configuration variables will be deprecated in a future release. Please set credentials using a connection instead.
  send_mime_email(e_from=mail_from, e_to=recipients, mime_msg=msg, conn_id=conn_id, dryrun=dryrun)

[2025-10-07T01:15:05.222+0000] {email.py:271} INFO - Email alerting: attempt 1
[2025-10-07T01:15:05.868+0000] {email.py:282} INFO - Sent an alert email to ['sabarimathavan24@gmail.com']
[2025-10-07T01:15:06.930+0000] {taskinstance.py:441} INFO - ::group::Post task execution logs
[2025-10-07T01:15:06.942+0000] {taskinstance.py:1206} INFO - Marking task as SUCCESS. dag_id=Airflow_Lab2, task_id=send_email, run_id=manual__2025-10-07T01:14:35.811608+00:00, execution_date=20251007T011435, start_date=20251007T011505, end_date=20251007T011506
[2025-10-07T01:15:06.967+0000] {local_task_job_runner.py:240} INFO - Task exited with return code 0
[2025-10-07T01:15:06.990+0000] {taskinstance.py:3503} INFO - 1 downstream tasks scheduled from follow-on schedule check
[2025-10-07T01:15:06.991+0000] {local_task_job_runner.py:222} INFO - ::endgroup::
