[2025-10-07T01:14:50.316+0000] {local_task_job_runner.py:120} INFO - ::group::Pre task execution logs
[2025-10-07T01:14:50.332+0000] {taskinstance.py:2076} INFO - Dependencies all met for dep_context=non-requeueable deps ti=<TaskInstance: Airflow_Lab2.load_data_task manual__2025-10-07T01:14:35.811608+00:00 [queued]>
[2025-10-07T01:14:50.336+0000] {taskinstance.py:2076} INFO - Dependencies all met for dep_context=requeueable deps ti=<TaskInstance: Airflow_Lab2.load_data_task manual__2025-10-07T01:14:35.811608+00:00 [queued]>
[2025-10-07T01:14:50.336+0000] {taskinstance.py:2306} INFO - Starting attempt 1 of 1
[2025-10-07T01:14:50.341+0000] {taskinstance.py:2330} INFO - Executing <Task(PythonOperator): load_data_task> on 2025-10-07 01:14:35.811608+00:00
[2025-10-07T01:14:50.388+0000] {warnings.py:112} WARNING - /home/***/.local/lib/python3.12/site-packages/***/task/task_runner/standard_task_runner.py:61: DeprecationWarning: This process (pid=141) is multi-threaded, use of fork() may lead to deadlocks in the child.
  pid = os.fork()

[2025-10-07T01:14:50.389+0000] {standard_task_runner.py:63} INFO - Started process 150 to run task
[2025-10-07T01:14:50.389+0000] {standard_task_runner.py:90} INFO - Running: ['***', 'tasks', 'run', 'Airflow_Lab2', 'load_data_task', 'manual__2025-10-07T01:14:35.811608+00:00', '--job-id', '6', '--raw', '--subdir', 'DAGS_FOLDER/main.py', '--cfg-path', '/tmp/tmpp85prx8y']
[2025-10-07T01:14:50.393+0000] {standard_task_runner.py:91} INFO - Job 6: Subtask load_data_task
[2025-10-07T01:14:50.424+0000] {task_command.py:426} INFO - Running <TaskInstance: Airflow_Lab2.load_data_task manual__2025-10-07T01:14:35.811608+00:00 [running]> on host a2f5a30149ba
[2025-10-07T01:14:50.478+0000] {taskinstance.py:2648} INFO - Exporting env vars: AIRFLOW_CTX_DAG_OWNER='***' AIRFLOW_CTX_DAG_ID='Airflow_Lab2' AIRFLOW_CTX_TASK_ID='load_data_task' AIRFLOW_CTX_EXECUTION_DATE='2025-10-07T01:14:35.811608+00:00' AIRFLOW_CTX_TRY_NUMBER='1' AIRFLOW_CTX_DAG_RUN_ID='manual__2025-10-07T01:14:35.811608+00:00'
[2025-10-07T01:14:50.478+0000] {taskinstance.py:430} INFO - ::endgroup::
[2025-10-07T01:14:50.551+0000] {python.py:237} INFO - Done. Returned value was:       age  sex  cp  trestbps  chol  ...  oldpeak  slope  ca  thal  target
0      52    1   0       125   212  ...      1.0      2   2     3       0
1      53    1   0       140   203  ...      3.1      0   0     3       0
2      70    1   0       145   174  ...      2.6      0   0     3       0
3      61    1   0       148   203  ...      0.0      2   1     3       0
4      62    0   0       138   294  ...      1.9      1   3     2       0
...   ...  ...  ..       ...   ...  ...      ...    ...  ..   ...     ...
1020   59    1   1       140   221  ...      0.0      2   0     2       1
1021   60    1   0       125   258  ...      2.8      1   1     3       0
1022   47    1   0       110   275  ...      1.0      1   1     2       0
1023   50    0   0       110   254  ...      0.0      2   0     2       1
1024   54    1   0       120   188  ...      1.4      1   1     3       0

[1025 rows x 14 columns]
[2025-10-07T01:14:50.610+0000] {taskinstance.py:441} INFO - ::group::Post task execution logs
[2025-10-07T01:14:50.646+0000] {taskinstance.py:1206} INFO - Marking task as SUCCESS. dag_id=Airflow_Lab2, task_id=load_data_task, run_id=manual__2025-10-07T01:14:35.811608+00:00, execution_date=20251007T011435, start_date=20251007T011450, end_date=20251007T011450
[2025-10-07T01:14:50.699+0000] {local_task_job_runner.py:240} INFO - Task exited with return code 0
[2025-10-07T01:14:50.717+0000] {taskinstance.py:3503} INFO - 1 downstream tasks scheduled from follow-on schedule check
[2025-10-07T01:14:50.718+0000] {local_task_job_runner.py:222} INFO - ::endgroup::
