[2025-10-07T00:25:50.541+0000] {local_task_job_runner.py:120} INFO - ::group::Pre task execution logs
[2025-10-07T00:25:50.558+0000] {taskinstance.py:2076} INFO - Dependencies all met for dep_context=non-requeueable deps ti=<TaskInstance: Airflow_Lab2.send_email manual__2025-10-07T00:25:31.613707+00:00 [queued]>
[2025-10-07T00:25:50.567+0000] {taskinstance.py:2076} INFO - Dependencies all met for dep_context=requeueable deps ti=<TaskInstance: Airflow_Lab2.send_email manual__2025-10-07T00:25:31.613707+00:00 [queued]>
[2025-10-07T00:25:50.568+0000] {taskinstance.py:2306} INFO - Starting attempt 1 of 1
[2025-10-07T00:25:50.574+0000] {taskinstance.py:2330} INFO - Executing <Task(EmailOperator): send_email> on 2025-10-07 00:25:31.613707+00:00
[2025-10-07T00:25:50.587+0000] {standard_task_runner.py:63} INFO - Started process 206 to run task
[2025-10-07T00:25:50.588+0000] {standard_task_runner.py:90} INFO - Running: ['***', 'tasks', 'run', 'Airflow_Lab2', 'send_email', 'manual__2025-10-07T00:25:31.613707+00:00', '--job-id', '9', '--raw', '--subdir', 'DAGS_FOLDER/main.py', '--cfg-path', '/tmp/tmpwzlwntbn']
[2025-10-07T00:25:50.591+0000] {standard_task_runner.py:91} INFO - Job 9: Subtask send_email
[2025-10-07T00:25:50.613+0000] {task_command.py:426} INFO - Running <TaskInstance: Airflow_Lab2.send_email manual__2025-10-07T00:25:31.613707+00:00 [running]> on host 5e8e3a814b86
[2025-10-07T00:25:50.654+0000] {taskinstance.py:2648} INFO - Exporting env vars: AIRFLOW_CTX_DAG_OWNER='***' AIRFLOW_CTX_DAG_ID='Airflow_Lab2' AIRFLOW_CTX_TASK_ID='send_email' AIRFLOW_CTX_EXECUTION_DATE='2025-10-07T00:25:31.613707+00:00' AIRFLOW_CTX_TRY_NUMBER='1' AIRFLOW_CTX_DAG_RUN_ID='manual__2025-10-07T00:25:31.613707+00:00'
[2025-10-07T00:25:50.654+0000] {taskinstance.py:430} INFO - ::endgroup::
[2025-10-07T00:25:50.666+0000] {warnings.py:109} WARNING - /home/***/.local/lib/python3.10/site-packages/***/utils/email.py:154: RemovedInAirflow3Warning: Fetching SMTP credentials from configuration variables will be deprecated in a future release. Please set credentials using a connection instead.
  send_mime_email(e_from=mail_from, e_to=recipients, mime_msg=msg, conn_id=conn_id, dryrun=dryrun)

[2025-10-07T00:25:50.666+0000] {email.py:271} INFO - Email alerting: attempt 1
[2025-10-07T00:25:51.273+0000] {email.py:282} INFO - Sent an alert email to ['aidevadarshini2002@gmail.com']
[2025-10-07T00:25:52.027+0000] {taskinstance.py:441} INFO - ::group::Post task execution logs
[2025-10-07T00:25:52.060+0000] {taskinstance.py:1206} INFO - Marking task as SUCCESS. dag_id=Airflow_Lab2, task_id=send_email, run_id=manual__2025-10-07T00:25:31.613707+00:00, execution_date=20251007T002531, start_date=20251007T002550, end_date=20251007T002552
[2025-10-07T00:25:52.108+0000] {local_task_job_runner.py:240} INFO - Task exited with return code 0
[2025-10-07T00:25:52.138+0000] {taskinstance.py:3503} INFO - 1 downstream tasks scheduled from follow-on schedule check
[2025-10-07T00:25:52.139+0000] {local_task_job_runner.py:222} INFO - ::endgroup::
