[2025-10-07T00:21:14.935+0000] {processor.py:161} INFO - Started process (PID=88) to work on /opt/airflow/dags/Flask_API.py
[2025-10-07T00:21:14.938+0000] {processor.py:830} INFO - Processing file /opt/airflow/dags/Flask_API.py for tasks to queue
[2025-10-07T00:21:14.944+0000] {logging_mixin.py:188} INFO - [2025-10-07T00:21:14.943+0000] {dagbag.py:545} INFO - Filling up the DagBag from /opt/airflow/dags/Flask_API.py
[2025-10-07T00:21:15.068+0000] {processor.py:840} INFO - DAG(s) 'Airflow_Lab2_Flask' retrieved from /opt/airflow/dags/Flask_API.py
[2025-10-07T00:21:15.674+0000] {logging_mixin.py:188} INFO - [2025-10-07T00:21:15.672+0000] {override.py:1829} INFO - Created Permission View: can delete on DAG:Airflow_Lab2_Flask
[2025-10-07T00:21:15.689+0000] {logging_mixin.py:188} INFO - [2025-10-07T00:21:15.688+0000] {override.py:1829} INFO - Created Permission View: can read on DAG:Airflow_Lab2_Flask
[2025-10-07T00:21:15.698+0000] {logging_mixin.py:188} INFO - [2025-10-07T00:21:15.698+0000] {override.py:1829} INFO - Created Permission View: can edit on DAG:Airflow_Lab2_Flask
[2025-10-07T00:21:15.699+0000] {logging_mixin.py:188} INFO - [2025-10-07T00:21:15.698+0000] {dag.py:3096} INFO - Sync 1 DAGs
[2025-10-07T00:21:15.722+0000] {logging_mixin.py:188} INFO - [2025-10-07T00:21:15.722+0000] {dag.py:3118} INFO - Creating ORM DAG for Airflow_Lab2_Flask
[2025-10-07T00:21:15.724+0000] {logging_mixin.py:188} INFO - [2025-10-07T00:21:15.724+0000] {dag.py:3954} INFO - Setting next_dagrun for Airflow_Lab2_Flask to None, run_after=None
[2025-10-07T00:21:15.759+0000] {processor.py:183} INFO - Processing /opt/airflow/dags/Flask_API.py took 0.832 seconds
[2025-10-07T00:24:23.139+0000] {processor.py:161} INFO - Started process (PID=100) to work on /opt/airflow/dags/Flask_API.py
[2025-10-07T00:24:23.148+0000] {processor.py:830} INFO - Processing file /opt/airflow/dags/Flask_API.py for tasks to queue
[2025-10-07T00:24:23.165+0000] {logging_mixin.py:188} INFO - [2025-10-07T00:24:23.165+0000] {dagbag.py:545} INFO - Filling up the DagBag from /opt/airflow/dags/Flask_API.py
[2025-10-07T00:24:23.231+0000] {processor.py:840} INFO - DAG(s) 'Airflow_Lab2_Flask' retrieved from /opt/airflow/dags/Flask_API.py
[2025-10-07T00:24:23.582+0000] {logging_mixin.py:188} INFO - [2025-10-07T00:24:23.581+0000] {override.py:1829} INFO - Created Permission View: can edit on DAG:Airflow_Lab2_Flask
[2025-10-07T00:24:23.589+0000] {logging_mixin.py:188} INFO - [2025-10-07T00:24:23.589+0000] {override.py:1829} INFO - Created Permission View: can delete on DAG:Airflow_Lab2_Flask
[2025-10-07T00:24:23.592+0000] {logging_mixin.py:188} INFO - [2025-10-07T00:24:23.592+0000] {override.py:1829} INFO - Created Permission View: can read on DAG:Airflow_Lab2_Flask
[2025-10-07T00:24:23.593+0000] {logging_mixin.py:188} INFO - [2025-10-07T00:24:23.593+0000] {dag.py:3096} INFO - Sync 1 DAGs
[2025-10-07T00:24:23.610+0000] {logging_mixin.py:188} INFO - [2025-10-07T00:24:23.609+0000] {dag.py:3118} INFO - Creating ORM DAG for Airflow_Lab2_Flask
[2025-10-07T00:24:23.610+0000] {logging_mixin.py:188} INFO - [2025-10-07T00:24:23.610+0000] {dag.py:3954} INFO - Setting next_dagrun for Airflow_Lab2_Flask to None, run_after=None
[2025-10-07T00:24:23.628+0000] {processor.py:183} INFO - Processing /opt/airflow/dags/Flask_API.py took 0.515 seconds
[2025-10-07T00:24:54.647+0000] {processor.py:161} INFO - Started process (PID=115) to work on /opt/airflow/dags/Flask_API.py
[2025-10-07T00:24:54.649+0000] {processor.py:830} INFO - Processing file /opt/airflow/dags/Flask_API.py for tasks to queue
[2025-10-07T00:24:54.655+0000] {logging_mixin.py:188} INFO - [2025-10-07T00:24:54.655+0000] {dagbag.py:545} INFO - Filling up the DagBag from /opt/airflow/dags/Flask_API.py
[2025-10-07T00:24:54.691+0000] {processor.py:840} INFO - DAG(s) 'Airflow_Lab2_Flask' retrieved from /opt/airflow/dags/Flask_API.py
[2025-10-07T00:24:54.970+0000] {logging_mixin.py:188} INFO - [2025-10-07T00:24:54.969+0000] {dag.py:3096} INFO - Sync 1 DAGs
[2025-10-07T00:24:54.991+0000] {logging_mixin.py:188} INFO - [2025-10-07T00:24:54.991+0000] {dag.py:3954} INFO - Setting next_dagrun for Airflow_Lab2_Flask to None, run_after=None
[2025-10-07T00:24:55.004+0000] {processor.py:183} INFO - Processing /opt/airflow/dags/Flask_API.py took 0.387 seconds
[2025-10-07T00:25:25.389+0000] {processor.py:161} INFO - Started process (PID=131) to work on /opt/airflow/dags/Flask_API.py
[2025-10-07T00:25:25.394+0000] {processor.py:830} INFO - Processing file /opt/airflow/dags/Flask_API.py for tasks to queue
[2025-10-07T00:25:25.404+0000] {logging_mixin.py:188} INFO - [2025-10-07T00:25:25.403+0000] {dagbag.py:545} INFO - Filling up the DagBag from /opt/airflow/dags/Flask_API.py
[2025-10-07T00:25:25.504+0000] {processor.py:840} INFO - DAG(s) 'Airflow_Lab2_Flask' retrieved from /opt/airflow/dags/Flask_API.py
[2025-10-07T00:25:25.781+0000] {logging_mixin.py:188} INFO - [2025-10-07T00:25:25.781+0000] {dag.py:3096} INFO - Sync 1 DAGs
[2025-10-07T00:25:25.799+0000] {logging_mixin.py:188} INFO - [2025-10-07T00:25:25.799+0000] {dag.py:3954} INFO - Setting next_dagrun for Airflow_Lab2_Flask to None, run_after=None
[2025-10-07T00:25:25.819+0000] {processor.py:183} INFO - Processing /opt/airflow/dags/Flask_API.py took 0.450 seconds
[2025-10-07T00:25:56.559+0000] {processor.py:161} INFO - Started process (PID=147) to work on /opt/airflow/dags/Flask_API.py
[2025-10-07T00:25:56.560+0000] {processor.py:830} INFO - Processing file /opt/airflow/dags/Flask_API.py for tasks to queue
[2025-10-07T00:25:56.564+0000] {logging_mixin.py:188} INFO - [2025-10-07T00:25:56.563+0000] {dagbag.py:545} INFO - Filling up the DagBag from /opt/airflow/dags/Flask_API.py
[2025-10-07T00:25:56.617+0000] {processor.py:840} INFO - DAG(s) 'Airflow_Lab2_Flask' retrieved from /opt/airflow/dags/Flask_API.py
[2025-10-07T00:25:56.782+0000] {logging_mixin.py:188} INFO - [2025-10-07T00:25:56.781+0000] {dag.py:3096} INFO - Sync 1 DAGs
[2025-10-07T00:25:56.801+0000] {logging_mixin.py:188} INFO - [2025-10-07T00:25:56.800+0000] {dag.py:3954} INFO - Setting next_dagrun for Airflow_Lab2_Flask to None, run_after=None
[2025-10-07T00:25:56.813+0000] {processor.py:183} INFO - Processing /opt/airflow/dags/Flask_API.py took 0.268 seconds
[2025-10-07T00:29:59.493+0000] {processor.py:161} INFO - Started process (PID=89) to work on /opt/airflow/dags/Flask_API.py
[2025-10-07T00:29:59.499+0000] {processor.py:830} INFO - Processing file /opt/airflow/dags/Flask_API.py for tasks to queue
[2025-10-07T00:29:59.536+0000] {logging_mixin.py:188} INFO - [2025-10-07T00:29:59.536+0000] {dagbag.py:545} INFO - Filling up the DagBag from /opt/airflow/dags/Flask_API.py
[2025-10-07T00:29:59.720+0000] {processor.py:840} INFO - DAG(s) 'Airflow_Lab2_Flask' retrieved from /opt/airflow/dags/Flask_API.py
[2025-10-07T00:30:00.669+0000] {logging_mixin.py:188} INFO - [2025-10-07T00:30:00.668+0000] {dag.py:3096} INFO - Sync 1 DAGs
[2025-10-07T00:30:00.714+0000] {logging_mixin.py:188} INFO - [2025-10-07T00:30:00.714+0000] {dag.py:3954} INFO - Setting next_dagrun for Airflow_Lab2_Flask to None, run_after=None
[2025-10-07T00:30:00.776+0000] {processor.py:183} INFO - Processing /opt/airflow/dags/Flask_API.py took 1.357 seconds
[2025-10-07T00:30:31.107+0000] {processor.py:161} INFO - Started process (PID=104) to work on /opt/airflow/dags/Flask_API.py
[2025-10-07T00:30:31.113+0000] {processor.py:830} INFO - Processing file /opt/airflow/dags/Flask_API.py for tasks to queue
[2025-10-07T00:30:31.158+0000] {logging_mixin.py:188} INFO - [2025-10-07T00:30:31.152+0000] {dagbag.py:545} INFO - Filling up the DagBag from /opt/airflow/dags/Flask_API.py
[2025-10-07T00:30:31.340+0000] {processor.py:840} INFO - DAG(s) 'Airflow_Lab2_Flask' retrieved from /opt/airflow/dags/Flask_API.py
[2025-10-07T00:30:31.632+0000] {logging_mixin.py:188} INFO - [2025-10-07T00:30:31.632+0000] {dag.py:3096} INFO - Sync 1 DAGs
[2025-10-07T00:30:31.643+0000] {logging_mixin.py:188} INFO - [2025-10-07T00:30:31.643+0000] {dag.py:3954} INFO - Setting next_dagrun for Airflow_Lab2_Flask to None, run_after=None
[2025-10-07T00:30:31.660+0000] {processor.py:183} INFO - Processing /opt/airflow/dags/Flask_API.py took 0.595 seconds
[2025-10-07T00:31:02.001+0000] {processor.py:161} INFO - Started process (PID=120) to work on /opt/airflow/dags/Flask_API.py
[2025-10-07T00:31:02.004+0000] {processor.py:830} INFO - Processing file /opt/airflow/dags/Flask_API.py for tasks to queue
[2025-10-07T00:31:02.019+0000] {logging_mixin.py:188} INFO - [2025-10-07T00:31:02.018+0000] {dagbag.py:545} INFO - Filling up the DagBag from /opt/airflow/dags/Flask_API.py
[2025-10-07T00:31:02.130+0000] {processor.py:840} INFO - DAG(s) 'Airflow_Lab2_Flask' retrieved from /opt/airflow/dags/Flask_API.py
[2025-10-07T00:31:02.870+0000] {logging_mixin.py:188} INFO - [2025-10-07T00:31:02.867+0000] {dag.py:3096} INFO - Sync 1 DAGs
[2025-10-07T00:31:03.055+0000] {logging_mixin.py:188} INFO - [2025-10-07T00:31:03.053+0000] {dag.py:3954} INFO - Setting next_dagrun for Airflow_Lab2_Flask to None, run_after=None
[2025-10-07T00:31:03.187+0000] {processor.py:183} INFO - Processing /opt/airflow/dags/Flask_API.py took 1.218 seconds
[2025-10-07T00:31:34.249+0000] {processor.py:161} INFO - Started process (PID=136) to work on /opt/airflow/dags/Flask_API.py
[2025-10-07T00:31:34.261+0000] {processor.py:830} INFO - Processing file /opt/airflow/dags/Flask_API.py for tasks to queue
[2025-10-07T00:31:34.345+0000] {logging_mixin.py:188} INFO - [2025-10-07T00:31:34.323+0000] {dagbag.py:545} INFO - Filling up the DagBag from /opt/airflow/dags/Flask_API.py
[2025-10-07T00:31:34.627+0000] {processor.py:840} INFO - DAG(s) 'Airflow_Lab2_Flask' retrieved from /opt/airflow/dags/Flask_API.py
[2025-10-07T00:31:35.674+0000] {logging_mixin.py:188} INFO - [2025-10-07T00:31:35.672+0000] {dag.py:3096} INFO - Sync 1 DAGs
[2025-10-07T00:31:35.744+0000] {logging_mixin.py:188} INFO - [2025-10-07T00:31:35.744+0000] {dag.py:3954} INFO - Setting next_dagrun for Airflow_Lab2_Flask to None, run_after=None
[2025-10-07T00:31:35.872+0000] {processor.py:183} INFO - Processing /opt/airflow/dags/Flask_API.py took 1.899 seconds
[2025-10-07T00:32:06.417+0000] {processor.py:161} INFO - Started process (PID=143) to work on /opt/airflow/dags/Flask_API.py
[2025-10-07T00:32:06.419+0000] {processor.py:830} INFO - Processing file /opt/airflow/dags/Flask_API.py for tasks to queue
[2025-10-07T00:32:06.430+0000] {logging_mixin.py:188} INFO - [2025-10-07T00:32:06.428+0000] {dagbag.py:545} INFO - Filling up the DagBag from /opt/airflow/dags/Flask_API.py
[2025-10-07T00:32:06.490+0000] {processor.py:840} INFO - DAG(s) 'Airflow_Lab2_Flask' retrieved from /opt/airflow/dags/Flask_API.py
[2025-10-07T00:32:06.638+0000] {logging_mixin.py:188} INFO - [2025-10-07T00:32:06.638+0000] {dag.py:3096} INFO - Sync 1 DAGs
[2025-10-07T00:32:06.651+0000] {logging_mixin.py:188} INFO - [2025-10-07T00:32:06.651+0000] {dag.py:3954} INFO - Setting next_dagrun for Airflow_Lab2_Flask to None, run_after=None
[2025-10-07T00:32:06.667+0000] {processor.py:183} INFO - Processing /opt/airflow/dags/Flask_API.py took 0.268 seconds
[2025-10-07T00:32:36.988+0000] {processor.py:161} INFO - Started process (PID=159) to work on /opt/airflow/dags/Flask_API.py
[2025-10-07T00:32:36.990+0000] {processor.py:830} INFO - Processing file /opt/airflow/dags/Flask_API.py for tasks to queue
[2025-10-07T00:32:36.992+0000] {logging_mixin.py:188} INFO - [2025-10-07T00:32:36.992+0000] {dagbag.py:545} INFO - Filling up the DagBag from /opt/airflow/dags/Flask_API.py
[2025-10-07T00:32:37.012+0000] {processor.py:840} INFO - DAG(s) 'Airflow_Lab2_Flask' retrieved from /opt/airflow/dags/Flask_API.py
[2025-10-07T00:32:37.098+0000] {logging_mixin.py:188} INFO - [2025-10-07T00:32:37.098+0000] {dag.py:3096} INFO - Sync 1 DAGs
[2025-10-07T00:32:37.105+0000] {logging_mixin.py:188} INFO - [2025-10-07T00:32:37.105+0000] {dag.py:3954} INFO - Setting next_dagrun for Airflow_Lab2_Flask to None, run_after=None
[2025-10-07T00:32:37.114+0000] {processor.py:183} INFO - Processing /opt/airflow/dags/Flask_API.py took 0.135 seconds
[2025-10-07T01:07:07.691+0000] {processor.py:161} INFO - Started process (PID=88) to work on /opt/airflow/dags/Flask_API.py
[2025-10-07T01:07:07.706+0000] {processor.py:830} INFO - Processing file /opt/airflow/dags/Flask_API.py for tasks to queue
[2025-10-07T01:07:07.739+0000] {logging_mixin.py:188} INFO - [2025-10-07T01:07:07.736+0000] {dagbag.py:545} INFO - Filling up the DagBag from /opt/airflow/dags/Flask_API.py
[2025-10-07T01:07:07.990+0000] {processor.py:840} INFO - DAG(s) 'Airflow_Lab2_Flask' retrieved from /opt/airflow/dags/Flask_API.py
[2025-10-07T01:07:08.417+0000] {logging_mixin.py:188} INFO - [2025-10-07T01:07:08.414+0000] {override.py:1829} INFO - Created Permission View: can edit on DAG:Airflow_Lab2_Flask
[2025-10-07T01:07:08.422+0000] {logging_mixin.py:188} INFO - [2025-10-07T01:07:08.422+0000] {override.py:1829} INFO - Created Permission View: can read on DAG:Airflow_Lab2_Flask
[2025-10-07T01:07:08.424+0000] {logging_mixin.py:188} INFO - [2025-10-07T01:07:08.424+0000] {override.py:1829} INFO - Created Permission View: can delete on DAG:Airflow_Lab2_Flask
[2025-10-07T01:07:08.424+0000] {logging_mixin.py:188} INFO - [2025-10-07T01:07:08.424+0000] {dag.py:3096} INFO - Sync 1 DAGs
[2025-10-07T01:07:08.439+0000] {logging_mixin.py:188} INFO - [2025-10-07T01:07:08.439+0000] {dag.py:3118} INFO - Creating ORM DAG for Airflow_Lab2_Flask
[2025-10-07T01:07:08.439+0000] {logging_mixin.py:188} INFO - [2025-10-07T01:07:08.439+0000] {dag.py:3954} INFO - Setting next_dagrun for Airflow_Lab2_Flask to None, run_after=None
[2025-10-07T01:07:08.460+0000] {processor.py:183} INFO - Processing /opt/airflow/dags/Flask_API.py took 0.856 seconds
[2025-10-07T01:07:39.290+0000] {processor.py:161} INFO - Started process (PID=96) to work on /opt/airflow/dags/Flask_API.py
[2025-10-07T01:07:39.291+0000] {processor.py:830} INFO - Processing file /opt/airflow/dags/Flask_API.py for tasks to queue
[2025-10-07T01:07:39.292+0000] {logging_mixin.py:188} INFO - [2025-10-07T01:07:39.292+0000] {dagbag.py:545} INFO - Filling up the DagBag from /opt/airflow/dags/Flask_API.py
[2025-10-07T01:07:39.329+0000] {processor.py:840} INFO - DAG(s) 'Airflow_Lab2_Flask' retrieved from /opt/airflow/dags/Flask_API.py
[2025-10-07T01:07:39.448+0000] {logging_mixin.py:188} INFO - [2025-10-07T01:07:39.448+0000] {dag.py:3096} INFO - Sync 1 DAGs
[2025-10-07T01:07:39.455+0000] {logging_mixin.py:188} INFO - [2025-10-07T01:07:39.455+0000] {dag.py:3954} INFO - Setting next_dagrun for Airflow_Lab2_Flask to None, run_after=None
[2025-10-07T01:07:39.467+0000] {processor.py:183} INFO - Processing /opt/airflow/dags/Flask_API.py took 0.180 seconds
[2025-10-07T01:08:10.001+0000] {processor.py:161} INFO - Started process (PID=104) to work on /opt/airflow/dags/Flask_API.py
[2025-10-07T01:08:10.003+0000] {processor.py:830} INFO - Processing file /opt/airflow/dags/Flask_API.py for tasks to queue
[2025-10-07T01:08:10.005+0000] {logging_mixin.py:188} INFO - [2025-10-07T01:08:10.005+0000] {dagbag.py:545} INFO - Filling up the DagBag from /opt/airflow/dags/Flask_API.py
[2025-10-07T01:08:10.062+0000] {processor.py:840} INFO - DAG(s) 'Airflow_Lab2_Flask' retrieved from /opt/airflow/dags/Flask_API.py
[2025-10-07T01:08:10.210+0000] {logging_mixin.py:188} INFO - [2025-10-07T01:08:10.210+0000] {dag.py:3096} INFO - Sync 1 DAGs
[2025-10-07T01:08:10.217+0000] {logging_mixin.py:188} INFO - [2025-10-07T01:08:10.217+0000] {dag.py:3954} INFO - Setting next_dagrun for Airflow_Lab2_Flask to None, run_after=None
[2025-10-07T01:08:10.230+0000] {processor.py:183} INFO - Processing /opt/airflow/dags/Flask_API.py took 0.245 seconds
[2025-10-07T01:08:40.476+0000] {processor.py:161} INFO - Started process (PID=112) to work on /opt/airflow/dags/Flask_API.py
[2025-10-07T01:08:40.478+0000] {processor.py:830} INFO - Processing file /opt/airflow/dags/Flask_API.py for tasks to queue
[2025-10-07T01:08:40.479+0000] {logging_mixin.py:188} INFO - [2025-10-07T01:08:40.479+0000] {dagbag.py:545} INFO - Filling up the DagBag from /opt/airflow/dags/Flask_API.py
[2025-10-07T01:08:40.520+0000] {processor.py:840} INFO - DAG(s) 'Airflow_Lab2_Flask' retrieved from /opt/airflow/dags/Flask_API.py
[2025-10-07T01:08:40.605+0000] {logging_mixin.py:188} INFO - [2025-10-07T01:08:40.605+0000] {dag.py:3096} INFO - Sync 1 DAGs
[2025-10-07T01:08:40.613+0000] {logging_mixin.py:188} INFO - [2025-10-07T01:08:40.613+0000] {dag.py:3954} INFO - Setting next_dagrun for Airflow_Lab2_Flask to None, run_after=None
[2025-10-07T01:08:40.626+0000] {processor.py:183} INFO - Processing /opt/airflow/dags/Flask_API.py took 0.155 seconds
[2025-10-07T01:09:10.888+0000] {processor.py:161} INFO - Started process (PID=120) to work on /opt/airflow/dags/Flask_API.py
[2025-10-07T01:09:10.891+0000] {processor.py:830} INFO - Processing file /opt/airflow/dags/Flask_API.py for tasks to queue
[2025-10-07T01:09:10.898+0000] {logging_mixin.py:188} INFO - [2025-10-07T01:09:10.898+0000] {dagbag.py:545} INFO - Filling up the DagBag from /opt/airflow/dags/Flask_API.py
[2025-10-07T01:09:10.933+0000] {processor.py:840} INFO - DAG(s) 'Airflow_Lab2_Flask' retrieved from /opt/airflow/dags/Flask_API.py
[2025-10-07T01:09:11.018+0000] {logging_mixin.py:188} INFO - [2025-10-07T01:09:11.018+0000] {dag.py:3096} INFO - Sync 1 DAGs
[2025-10-07T01:09:11.027+0000] {logging_mixin.py:188} INFO - [2025-10-07T01:09:11.027+0000] {dag.py:3954} INFO - Setting next_dagrun for Airflow_Lab2_Flask to None, run_after=None
[2025-10-07T01:09:11.040+0000] {processor.py:183} INFO - Processing /opt/airflow/dags/Flask_API.py took 0.158 seconds
[2025-10-07T01:10:50.751+0000] {processor.py:161} INFO - Started process (PID=60) to work on /opt/airflow/dags/Flask_API.py
[2025-10-07T01:10:50.756+0000] {processor.py:830} INFO - Processing file /opt/airflow/dags/Flask_API.py for tasks to queue
[2025-10-07T01:10:50.772+0000] {logging_mixin.py:188} INFO - [2025-10-07T01:10:50.769+0000] {dagbag.py:545} INFO - Filling up the DagBag from /opt/airflow/dags/Flask_API.py
[2025-10-07T01:10:50.841+0000] {processor.py:840} INFO - DAG(s) 'Airflow_Lab2_Flask' retrieved from /opt/airflow/dags/Flask_API.py
[2025-10-07T01:10:51.105+0000] {logging_mixin.py:188} INFO - [2025-10-07T01:10:51.104+0000] {dag.py:3096} INFO - Sync 1 DAGs
[2025-10-07T01:10:51.115+0000] {logging_mixin.py:188} INFO - [2025-10-07T01:10:51.115+0000] {dag.py:3954} INFO - Setting next_dagrun for Airflow_Lab2_Flask to None, run_after=None
[2025-10-07T01:10:51.134+0000] {processor.py:183} INFO - Processing /opt/airflow/dags/Flask_API.py took 0.425 seconds
[2025-10-07T01:11:21.325+0000] {processor.py:161} INFO - Started process (PID=69) to work on /opt/airflow/dags/Flask_API.py
[2025-10-07T01:11:21.329+0000] {processor.py:830} INFO - Processing file /opt/airflow/dags/Flask_API.py for tasks to queue
[2025-10-07T01:11:21.334+0000] {logging_mixin.py:188} INFO - [2025-10-07T01:11:21.333+0000] {dagbag.py:545} INFO - Filling up the DagBag from /opt/airflow/dags/Flask_API.py
[2025-10-07T01:11:21.376+0000] {processor.py:840} INFO - DAG(s) 'Airflow_Lab2_Flask' retrieved from /opt/airflow/dags/Flask_API.py
[2025-10-07T01:11:21.509+0000] {logging_mixin.py:188} INFO - [2025-10-07T01:11:21.509+0000] {dag.py:3096} INFO - Sync 1 DAGs
[2025-10-07T01:11:21.516+0000] {logging_mixin.py:188} INFO - [2025-10-07T01:11:21.516+0000] {dag.py:3954} INFO - Setting next_dagrun for Airflow_Lab2_Flask to None, run_after=None
[2025-10-07T01:11:21.524+0000] {processor.py:183} INFO - Processing /opt/airflow/dags/Flask_API.py took 0.218 seconds
[2025-10-07T01:11:51.876+0000] {processor.py:161} INFO - Started process (PID=77) to work on /opt/airflow/dags/Flask_API.py
[2025-10-07T01:11:51.878+0000] {processor.py:830} INFO - Processing file /opt/airflow/dags/Flask_API.py for tasks to queue
[2025-10-07T01:11:51.887+0000] {logging_mixin.py:188} INFO - [2025-10-07T01:11:51.886+0000] {dagbag.py:545} INFO - Filling up the DagBag from /opt/airflow/dags/Flask_API.py
[2025-10-07T01:11:51.912+0000] {processor.py:840} INFO - DAG(s) 'Airflow_Lab2_Flask' retrieved from /opt/airflow/dags/Flask_API.py
[2025-10-07T01:11:52.025+0000] {logging_mixin.py:188} INFO - [2025-10-07T01:11:52.025+0000] {dag.py:3096} INFO - Sync 1 DAGs
[2025-10-07T01:11:52.036+0000] {logging_mixin.py:188} INFO - [2025-10-07T01:11:52.035+0000] {dag.py:3954} INFO - Setting next_dagrun for Airflow_Lab2_Flask to None, run_after=None
[2025-10-07T01:11:52.049+0000] {processor.py:183} INFO - Processing /opt/airflow/dags/Flask_API.py took 0.180 seconds
[2025-10-07T01:12:22.371+0000] {processor.py:161} INFO - Started process (PID=91) to work on /opt/airflow/dags/Flask_API.py
[2025-10-07T01:12:22.372+0000] {processor.py:830} INFO - Processing file /opt/airflow/dags/Flask_API.py for tasks to queue
[2025-10-07T01:12:22.376+0000] {logging_mixin.py:188} INFO - [2025-10-07T01:12:22.375+0000] {dagbag.py:545} INFO - Filling up the DagBag from /opt/airflow/dags/Flask_API.py
[2025-10-07T01:12:22.419+0000] {processor.py:840} INFO - DAG(s) 'Airflow_Lab2_Flask' retrieved from /opt/airflow/dags/Flask_API.py
[2025-10-07T01:12:22.542+0000] {logging_mixin.py:188} INFO - [2025-10-07T01:12:22.542+0000] {dag.py:3096} INFO - Sync 1 DAGs
[2025-10-07T01:12:22.549+0000] {logging_mixin.py:188} INFO - [2025-10-07T01:12:22.549+0000] {dag.py:3954} INFO - Setting next_dagrun for Airflow_Lab2_Flask to None, run_after=None
[2025-10-07T01:12:22.559+0000] {processor.py:183} INFO - Processing /opt/airflow/dags/Flask_API.py took 0.197 seconds
[2025-10-07T01:12:52.997+0000] {processor.py:161} INFO - Started process (PID=99) to work on /opt/airflow/dags/Flask_API.py
[2025-10-07T01:12:53.003+0000] {processor.py:830} INFO - Processing file /opt/airflow/dags/Flask_API.py for tasks to queue
[2025-10-07T01:12:53.016+0000] {logging_mixin.py:188} INFO - [2025-10-07T01:12:53.014+0000] {dagbag.py:545} INFO - Filling up the DagBag from /opt/airflow/dags/Flask_API.py
[2025-10-07T01:12:53.099+0000] {processor.py:840} INFO - DAG(s) 'Airflow_Lab2_Flask' retrieved from /opt/airflow/dags/Flask_API.py
[2025-10-07T01:12:53.274+0000] {logging_mixin.py:188} INFO - [2025-10-07T01:12:53.274+0000] {dag.py:3096} INFO - Sync 1 DAGs
[2025-10-07T01:12:53.281+0000] {logging_mixin.py:188} INFO - [2025-10-07T01:12:53.281+0000] {dag.py:3954} INFO - Setting next_dagrun for Airflow_Lab2_Flask to None, run_after=None
[2025-10-07T01:12:53.290+0000] {processor.py:183} INFO - Processing /opt/airflow/dags/Flask_API.py took 0.302 seconds
[2025-10-07T01:13:23.608+0000] {processor.py:161} INFO - Started process (PID=107) to work on /opt/airflow/dags/Flask_API.py
[2025-10-07T01:13:23.609+0000] {processor.py:830} INFO - Processing file /opt/airflow/dags/Flask_API.py for tasks to queue
[2025-10-07T01:13:23.613+0000] {logging_mixin.py:188} INFO - [2025-10-07T01:13:23.613+0000] {dagbag.py:545} INFO - Filling up the DagBag from /opt/airflow/dags/Flask_API.py
[2025-10-07T01:13:23.638+0000] {processor.py:840} INFO - DAG(s) 'Airflow_Lab2_Flask' retrieved from /opt/airflow/dags/Flask_API.py
[2025-10-07T01:13:23.721+0000] {logging_mixin.py:188} INFO - [2025-10-07T01:13:23.721+0000] {dag.py:3096} INFO - Sync 1 DAGs
[2025-10-07T01:13:23.727+0000] {logging_mixin.py:188} INFO - [2025-10-07T01:13:23.727+0000] {dag.py:3954} INFO - Setting next_dagrun for Airflow_Lab2_Flask to None, run_after=None
[2025-10-07T01:13:23.736+0000] {processor.py:183} INFO - Processing /opt/airflow/dags/Flask_API.py took 0.138 seconds
[2025-10-07T01:13:54.129+0000] {processor.py:161} INFO - Started process (PID=115) to work on /opt/airflow/dags/Flask_API.py
[2025-10-07T01:13:54.130+0000] {processor.py:830} INFO - Processing file /opt/airflow/dags/Flask_API.py for tasks to queue
[2025-10-07T01:13:54.133+0000] {logging_mixin.py:188} INFO - [2025-10-07T01:13:54.133+0000] {dagbag.py:545} INFO - Filling up the DagBag from /opt/airflow/dags/Flask_API.py
[2025-10-07T01:13:54.168+0000] {processor.py:840} INFO - DAG(s) 'Airflow_Lab2_Flask' retrieved from /opt/airflow/dags/Flask_API.py
[2025-10-07T01:13:54.259+0000] {logging_mixin.py:188} INFO - [2025-10-07T01:13:54.259+0000] {dag.py:3096} INFO - Sync 1 DAGs
[2025-10-07T01:13:54.269+0000] {logging_mixin.py:188} INFO - [2025-10-07T01:13:54.269+0000] {dag.py:3954} INFO - Setting next_dagrun for Airflow_Lab2_Flask to None, run_after=None
[2025-10-07T01:13:54.280+0000] {processor.py:183} INFO - Processing /opt/airflow/dags/Flask_API.py took 0.155 seconds
[2025-10-07T01:14:24.935+0000] {processor.py:161} INFO - Started process (PID=131) to work on /opt/airflow/dags/Flask_API.py
[2025-10-07T01:14:24.937+0000] {processor.py:830} INFO - Processing file /opt/airflow/dags/Flask_API.py for tasks to queue
[2025-10-07T01:14:24.942+0000] {logging_mixin.py:188} INFO - [2025-10-07T01:14:24.942+0000] {dagbag.py:545} INFO - Filling up the DagBag from /opt/airflow/dags/Flask_API.py
[2025-10-07T01:14:24.992+0000] {processor.py:840} INFO - DAG(s) 'Airflow_Lab2_Flask' retrieved from /opt/airflow/dags/Flask_API.py
[2025-10-07T01:14:25.180+0000] {logging_mixin.py:188} INFO - [2025-10-07T01:14:25.179+0000] {dag.py:3096} INFO - Sync 1 DAGs
[2025-10-07T01:14:25.239+0000] {logging_mixin.py:188} INFO - [2025-10-07T01:14:25.238+0000] {dag.py:3954} INFO - Setting next_dagrun for Airflow_Lab2_Flask to None, run_after=None
[2025-10-07T01:14:25.280+0000] {processor.py:183} INFO - Processing /opt/airflow/dags/Flask_API.py took 0.406 seconds
[2025-10-07T01:14:55.744+0000] {processor.py:161} INFO - Started process (PID=147) to work on /opt/airflow/dags/Flask_API.py
[2025-10-07T01:14:55.748+0000] {processor.py:830} INFO - Processing file /opt/airflow/dags/Flask_API.py for tasks to queue
[2025-10-07T01:14:55.762+0000] {logging_mixin.py:188} INFO - [2025-10-07T01:14:55.761+0000] {dagbag.py:545} INFO - Filling up the DagBag from /opt/airflow/dags/Flask_API.py
[2025-10-07T01:14:55.992+0000] {processor.py:840} INFO - DAG(s) 'Airflow_Lab2_Flask' retrieved from /opt/airflow/dags/Flask_API.py
[2025-10-07T01:14:56.405+0000] {logging_mixin.py:188} INFO - [2025-10-07T01:14:56.405+0000] {dag.py:3096} INFO - Sync 1 DAGs
[2025-10-07T01:14:56.460+0000] {logging_mixin.py:188} INFO - [2025-10-07T01:14:56.457+0000] {dag.py:3954} INFO - Setting next_dagrun for Airflow_Lab2_Flask to None, run_after=None
[2025-10-07T01:14:56.511+0000] {processor.py:183} INFO - Processing /opt/airflow/dags/Flask_API.py took 0.788 seconds
[2025-10-07T01:15:26.976+0000] {processor.py:161} INFO - Started process (PID=154) to work on /opt/airflow/dags/Flask_API.py
[2025-10-07T01:15:26.978+0000] {processor.py:830} INFO - Processing file /opt/airflow/dags/Flask_API.py for tasks to queue
[2025-10-07T01:15:26.984+0000] {logging_mixin.py:188} INFO - [2025-10-07T01:15:26.983+0000] {dagbag.py:545} INFO - Filling up the DagBag from /opt/airflow/dags/Flask_API.py
[2025-10-07T01:15:27.070+0000] {processor.py:840} INFO - DAG(s) 'Airflow_Lab2_Flask' retrieved from /opt/airflow/dags/Flask_API.py
[2025-10-07T01:15:27.302+0000] {logging_mixin.py:188} INFO - [2025-10-07T01:15:27.301+0000] {dag.py:3096} INFO - Sync 1 DAGs
[2025-10-07T01:15:27.315+0000] {logging_mixin.py:188} INFO - [2025-10-07T01:15:27.315+0000] {dag.py:3954} INFO - Setting next_dagrun for Airflow_Lab2_Flask to None, run_after=None
[2025-10-07T01:15:27.327+0000] {processor.py:183} INFO - Processing /opt/airflow/dags/Flask_API.py took 0.376 seconds
[2025-10-07T01:15:57.435+0000] {processor.py:161} INFO - Started process (PID=170) to work on /opt/airflow/dags/Flask_API.py
[2025-10-07T01:15:57.436+0000] {processor.py:830} INFO - Processing file /opt/airflow/dags/Flask_API.py for tasks to queue
[2025-10-07T01:15:57.439+0000] {logging_mixin.py:188} INFO - [2025-10-07T01:15:57.438+0000] {dagbag.py:545} INFO - Filling up the DagBag from /opt/airflow/dags/Flask_API.py
[2025-10-07T01:15:57.457+0000] {processor.py:840} INFO - DAG(s) 'Airflow_Lab2_Flask' retrieved from /opt/airflow/dags/Flask_API.py
[2025-10-07T01:15:57.530+0000] {logging_mixin.py:188} INFO - [2025-10-07T01:15:57.530+0000] {dag.py:3096} INFO - Sync 1 DAGs
[2025-10-07T01:15:57.535+0000] {logging_mixin.py:188} INFO - [2025-10-07T01:15:57.535+0000] {dag.py:3954} INFO - Setting next_dagrun for Airflow_Lab2_Flask to None, run_after=None
[2025-10-07T01:15:57.543+0000] {processor.py:183} INFO - Processing /opt/airflow/dags/Flask_API.py took 0.122 seconds
[2025-10-07T01:16:27.786+0000] {processor.py:161} INFO - Started process (PID=185) to work on /opt/airflow/dags/Flask_API.py
[2025-10-07T01:16:27.788+0000] {processor.py:830} INFO - Processing file /opt/airflow/dags/Flask_API.py for tasks to queue
[2025-10-07T01:16:27.791+0000] {logging_mixin.py:188} INFO - [2025-10-07T01:16:27.790+0000] {dagbag.py:545} INFO - Filling up the DagBag from /opt/airflow/dags/Flask_API.py
[2025-10-07T01:16:27.817+0000] {processor.py:840} INFO - DAG(s) 'Airflow_Lab2_Flask' retrieved from /opt/airflow/dags/Flask_API.py
[2025-10-07T01:16:27.937+0000] {logging_mixin.py:188} INFO - [2025-10-07T01:16:27.937+0000] {dag.py:3096} INFO - Sync 1 DAGs
[2025-10-07T01:16:27.944+0000] {logging_mixin.py:188} INFO - [2025-10-07T01:16:27.944+0000] {dag.py:3954} INFO - Setting next_dagrun for Airflow_Lab2_Flask to None, run_after=None
[2025-10-07T01:16:27.954+0000] {processor.py:183} INFO - Processing /opt/airflow/dags/Flask_API.py took 0.177 seconds
[2025-10-07T01:16:58.250+0000] {processor.py:161} INFO - Started process (PID=201) to work on /opt/airflow/dags/Flask_API.py
[2025-10-07T01:16:58.252+0000] {processor.py:830} INFO - Processing file /opt/airflow/dags/Flask_API.py for tasks to queue
[2025-10-07T01:16:58.255+0000] {logging_mixin.py:188} INFO - [2025-10-07T01:16:58.255+0000] {dagbag.py:545} INFO - Filling up the DagBag from /opt/airflow/dags/Flask_API.py
[2025-10-07T01:16:58.274+0000] {processor.py:840} INFO - DAG(s) 'Airflow_Lab2_Flask' retrieved from /opt/airflow/dags/Flask_API.py
[2025-10-07T01:16:58.349+0000] {logging_mixin.py:188} INFO - [2025-10-07T01:16:58.349+0000] {dag.py:3096} INFO - Sync 1 DAGs
[2025-10-07T01:16:58.357+0000] {logging_mixin.py:188} INFO - [2025-10-07T01:16:58.357+0000] {dag.py:3954} INFO - Setting next_dagrun for Airflow_Lab2_Flask to None, run_after=None
[2025-10-07T01:16:58.366+0000] {processor.py:183} INFO - Processing /opt/airflow/dags/Flask_API.py took 0.130 seconds
[2025-10-07T01:17:28.839+0000] {processor.py:161} INFO - Started process (PID=217) to work on /opt/airflow/dags/Flask_API.py
[2025-10-07T01:17:28.841+0000] {processor.py:830} INFO - Processing file /opt/airflow/dags/Flask_API.py for tasks to queue
[2025-10-07T01:17:28.844+0000] {logging_mixin.py:188} INFO - [2025-10-07T01:17:28.843+0000] {dagbag.py:545} INFO - Filling up the DagBag from /opt/airflow/dags/Flask_API.py
[2025-10-07T01:17:28.873+0000] {processor.py:840} INFO - DAG(s) 'Airflow_Lab2_Flask' retrieved from /opt/airflow/dags/Flask_API.py
[2025-10-07T01:17:28.994+0000] {logging_mixin.py:188} INFO - [2025-10-07T01:17:28.994+0000] {dag.py:3096} INFO - Sync 1 DAGs
[2025-10-07T01:17:29.002+0000] {logging_mixin.py:188} INFO - [2025-10-07T01:17:29.002+0000] {dag.py:3954} INFO - Setting next_dagrun for Airflow_Lab2_Flask to None, run_after=None
[2025-10-07T01:17:29.018+0000] {processor.py:183} INFO - Processing /opt/airflow/dags/Flask_API.py took 0.194 seconds
[2025-10-07T01:17:59.206+0000] {processor.py:161} INFO - Started process (PID=233) to work on /opt/airflow/dags/Flask_API.py
[2025-10-07T01:17:59.208+0000] {processor.py:830} INFO - Processing file /opt/airflow/dags/Flask_API.py for tasks to queue
[2025-10-07T01:17:59.213+0000] {logging_mixin.py:188} INFO - [2025-10-07T01:17:59.213+0000] {dagbag.py:545} INFO - Filling up the DagBag from /opt/airflow/dags/Flask_API.py
[2025-10-07T01:17:59.261+0000] {processor.py:840} INFO - DAG(s) 'Airflow_Lab2_Flask' retrieved from /opt/airflow/dags/Flask_API.py
[2025-10-07T01:17:59.382+0000] {logging_mixin.py:188} INFO - [2025-10-07T01:17:59.381+0000] {dag.py:3096} INFO - Sync 1 DAGs
[2025-10-07T01:17:59.388+0000] {logging_mixin.py:188} INFO - [2025-10-07T01:17:59.388+0000] {dag.py:3954} INFO - Setting next_dagrun for Airflow_Lab2_Flask to None, run_after=None
[2025-10-07T01:17:59.398+0000] {processor.py:183} INFO - Processing /opt/airflow/dags/Flask_API.py took 0.214 seconds
[2025-10-07T01:18:29.741+0000] {processor.py:161} INFO - Started process (PID=249) to work on /opt/airflow/dags/Flask_API.py
[2025-10-07T01:18:29.742+0000] {processor.py:830} INFO - Processing file /opt/airflow/dags/Flask_API.py for tasks to queue
[2025-10-07T01:18:29.745+0000] {logging_mixin.py:188} INFO - [2025-10-07T01:18:29.744+0000] {dagbag.py:545} INFO - Filling up the DagBag from /opt/airflow/dags/Flask_API.py
[2025-10-07T01:18:29.765+0000] {processor.py:840} INFO - DAG(s) 'Airflow_Lab2_Flask' retrieved from /opt/airflow/dags/Flask_API.py
[2025-10-07T01:18:29.858+0000] {logging_mixin.py:188} INFO - [2025-10-07T01:18:29.858+0000] {dag.py:3096} INFO - Sync 1 DAGs
[2025-10-07T01:18:29.866+0000] {logging_mixin.py:188} INFO - [2025-10-07T01:18:29.865+0000] {dag.py:3954} INFO - Setting next_dagrun for Airflow_Lab2_Flask to None, run_after=None
[2025-10-07T01:18:29.879+0000] {processor.py:183} INFO - Processing /opt/airflow/dags/Flask_API.py took 0.149 seconds
[2025-10-07T01:19:00.246+0000] {processor.py:161} INFO - Started process (PID=265) to work on /opt/airflow/dags/Flask_API.py
[2025-10-07T01:19:00.247+0000] {processor.py:830} INFO - Processing file /opt/airflow/dags/Flask_API.py for tasks to queue
[2025-10-07T01:19:00.249+0000] {logging_mixin.py:188} INFO - [2025-10-07T01:19:00.249+0000] {dagbag.py:545} INFO - Filling up the DagBag from /opt/airflow/dags/Flask_API.py
[2025-10-07T01:19:00.275+0000] {processor.py:840} INFO - DAG(s) 'Airflow_Lab2_Flask' retrieved from /opt/airflow/dags/Flask_API.py
[2025-10-07T01:19:00.393+0000] {logging_mixin.py:188} INFO - [2025-10-07T01:19:00.393+0000] {dag.py:3096} INFO - Sync 1 DAGs
[2025-10-07T01:19:00.404+0000] {logging_mixin.py:188} INFO - [2025-10-07T01:19:00.404+0000] {dag.py:3954} INFO - Setting next_dagrun for Airflow_Lab2_Flask to None, run_after=None
[2025-10-07T01:19:00.414+0000] {processor.py:183} INFO - Processing /opt/airflow/dags/Flask_API.py took 0.182 seconds
[2025-10-07T01:19:31.086+0000] {processor.py:161} INFO - Started process (PID=281) to work on /opt/airflow/dags/Flask_API.py
[2025-10-07T01:19:31.087+0000] {processor.py:830} INFO - Processing file /opt/airflow/dags/Flask_API.py for tasks to queue
[2025-10-07T01:19:31.089+0000] {logging_mixin.py:188} INFO - [2025-10-07T01:19:31.089+0000] {dagbag.py:545} INFO - Filling up the DagBag from /opt/airflow/dags/Flask_API.py
[2025-10-07T01:19:31.111+0000] {processor.py:840} INFO - DAG(s) 'Airflow_Lab2_Flask' retrieved from /opt/airflow/dags/Flask_API.py
[2025-10-07T01:19:31.192+0000] {logging_mixin.py:188} INFO - [2025-10-07T01:19:31.192+0000] {dag.py:3096} INFO - Sync 1 DAGs
[2025-10-07T01:19:31.197+0000] {logging_mixin.py:188} INFO - [2025-10-07T01:19:31.197+0000] {dag.py:3954} INFO - Setting next_dagrun for Airflow_Lab2_Flask to None, run_after=None
[2025-10-07T01:19:31.206+0000] {processor.py:183} INFO - Processing /opt/airflow/dags/Flask_API.py took 0.131 seconds
[2025-10-07T01:20:02.222+0000] {processor.py:161} INFO - Started process (PID=297) to work on /opt/airflow/dags/Flask_API.py
[2025-10-07T01:20:02.239+0000] {processor.py:830} INFO - Processing file /opt/airflow/dags/Flask_API.py for tasks to queue
[2025-10-07T01:20:02.282+0000] {logging_mixin.py:188} INFO - [2025-10-07T01:20:02.280+0000] {dagbag.py:545} INFO - Filling up the DagBag from /opt/airflow/dags/Flask_API.py
[2025-10-07T01:20:03.697+0000] {processor.py:840} INFO - DAG(s) 'Airflow_Lab2_Flask' retrieved from /opt/airflow/dags/Flask_API.py
[2025-10-07T01:20:04.608+0000] {logging_mixin.py:188} INFO - [2025-10-07T01:20:04.607+0000] {dag.py:3096} INFO - Sync 1 DAGs
[2025-10-07T01:20:04.636+0000] {logging_mixin.py:188} INFO - [2025-10-07T01:20:04.636+0000] {dag.py:3954} INFO - Setting next_dagrun for Airflow_Lab2_Flask to None, run_after=None
[2025-10-07T01:20:04.669+0000] {processor.py:183} INFO - Processing /opt/airflow/dags/Flask_API.py took 2.523 seconds
[2025-10-07T01:20:35.315+0000] {processor.py:161} INFO - Started process (PID=313) to work on /opt/airflow/dags/Flask_API.py
[2025-10-07T01:20:35.350+0000] {processor.py:830} INFO - Processing file /opt/airflow/dags/Flask_API.py for tasks to queue
[2025-10-07T01:20:35.356+0000] {logging_mixin.py:188} INFO - [2025-10-07T01:20:35.355+0000] {dagbag.py:545} INFO - Filling up the DagBag from /opt/airflow/dags/Flask_API.py
[2025-10-07T01:20:35.450+0000] {processor.py:840} INFO - DAG(s) 'Airflow_Lab2_Flask' retrieved from /opt/airflow/dags/Flask_API.py
[2025-10-07T01:20:35.757+0000] {logging_mixin.py:188} INFO - [2025-10-07T01:20:35.757+0000] {dag.py:3096} INFO - Sync 1 DAGs
[2025-10-07T01:20:35.775+0000] {logging_mixin.py:188} INFO - [2025-10-07T01:20:35.775+0000] {dag.py:3954} INFO - Setting next_dagrun for Airflow_Lab2_Flask to None, run_after=None
[2025-10-07T01:20:35.791+0000] {processor.py:183} INFO - Processing /opt/airflow/dags/Flask_API.py took 0.524 seconds
[2025-10-07T01:21:06.265+0000] {processor.py:161} INFO - Started process (PID=329) to work on /opt/airflow/dags/Flask_API.py
[2025-10-07T01:21:06.268+0000] {processor.py:830} INFO - Processing file /opt/airflow/dags/Flask_API.py for tasks to queue
[2025-10-07T01:21:06.281+0000] {logging_mixin.py:188} INFO - [2025-10-07T01:21:06.281+0000] {dagbag.py:545} INFO - Filling up the DagBag from /opt/airflow/dags/Flask_API.py
[2025-10-07T01:21:06.402+0000] {processor.py:840} INFO - DAG(s) 'Airflow_Lab2_Flask' retrieved from /opt/airflow/dags/Flask_API.py
[2025-10-07T01:21:06.590+0000] {logging_mixin.py:188} INFO - [2025-10-07T01:21:06.590+0000] {dag.py:3096} INFO - Sync 1 DAGs
[2025-10-07T01:21:06.608+0000] {logging_mixin.py:188} INFO - [2025-10-07T01:21:06.608+0000] {dag.py:3954} INFO - Setting next_dagrun for Airflow_Lab2_Flask to None, run_after=None
[2025-10-07T01:21:06.625+0000] {processor.py:183} INFO - Processing /opt/airflow/dags/Flask_API.py took 0.384 seconds
[2025-10-07T01:21:36.834+0000] {processor.py:161} INFO - Started process (PID=345) to work on /opt/airflow/dags/Flask_API.py
[2025-10-07T01:21:36.837+0000] {processor.py:830} INFO - Processing file /opt/airflow/dags/Flask_API.py for tasks to queue
[2025-10-07T01:21:36.843+0000] {logging_mixin.py:188} INFO - [2025-10-07T01:21:36.842+0000] {dagbag.py:545} INFO - Filling up the DagBag from /opt/airflow/dags/Flask_API.py
[2025-10-07T01:21:36.913+0000] {processor.py:840} INFO - DAG(s) 'Airflow_Lab2_Flask' retrieved from /opt/airflow/dags/Flask_API.py
[2025-10-07T01:21:37.041+0000] {logging_mixin.py:188} INFO - [2025-10-07T01:21:37.040+0000] {dag.py:3096} INFO - Sync 1 DAGs
[2025-10-07T01:21:37.050+0000] {logging_mixin.py:188} INFO - [2025-10-07T01:21:37.050+0000] {dag.py:3954} INFO - Setting next_dagrun for Airflow_Lab2_Flask to None, run_after=None
[2025-10-07T01:21:37.075+0000] {processor.py:183} INFO - Processing /opt/airflow/dags/Flask_API.py took 0.259 seconds
[2025-10-07T01:22:07.367+0000] {processor.py:161} INFO - Started process (PID=361) to work on /opt/airflow/dags/Flask_API.py
[2025-10-07T01:22:07.369+0000] {processor.py:830} INFO - Processing file /opt/airflow/dags/Flask_API.py for tasks to queue
[2025-10-07T01:22:07.373+0000] {logging_mixin.py:188} INFO - [2025-10-07T01:22:07.372+0000] {dagbag.py:545} INFO - Filling up the DagBag from /opt/airflow/dags/Flask_API.py
[2025-10-07T01:22:07.423+0000] {processor.py:840} INFO - DAG(s) 'Airflow_Lab2_Flask' retrieved from /opt/airflow/dags/Flask_API.py
[2025-10-07T01:22:07.543+0000] {logging_mixin.py:188} INFO - [2025-10-07T01:22:07.543+0000] {dag.py:3096} INFO - Sync 1 DAGs
[2025-10-07T01:22:07.552+0000] {logging_mixin.py:188} INFO - [2025-10-07T01:22:07.552+0000] {dag.py:3954} INFO - Setting next_dagrun for Airflow_Lab2_Flask to None, run_after=None
[2025-10-07T01:22:07.563+0000] {processor.py:183} INFO - Processing /opt/airflow/dags/Flask_API.py took 0.208 seconds
