[2025-10-06T13:03:01.061+0000] {manager.py:470} INFO - Processing files using up to 2 processes at a time 
[2025-10-06T13:03:01.062+0000] {manager.py:471} INFO - Process each file at most once every 30 seconds
[2025-10-06T13:03:01.062+0000] {manager.py:472} INFO - Checking for new files in /opt/airflow/dags every 300 seconds
[2025-10-06T13:03:01.063+0000] {manager.py:737} INFO - Searching for files in /opt/airflow/dags
[2025-10-06T13:03:01.075+0000] {manager.py:740} INFO - There are 1 files in /opt/airflow/dags
[2025-10-06T13:03:01.151+0000] {manager.py:878} INFO - 
================================================================================
DAG File Processing Stats

File Path                       PID  Runtime      # DAGs    # Errors  Last Runtime    Last Run
----------------------------  -----  ---------  --------  ----------  --------------  ----------
/opt/airflow/dags/airflow.py     88  0.03s             0           0
================================================================================
[2025-10-06T13:03:31.818+0000] {manager.py:878} INFO - 
================================================================================
DAG File Processing Stats

File Path                       PID  Runtime      # DAGs    # Errors  Last Runtime    Last Run
----------------------------  -----  ---------  --------  ----------  --------------  -------------------
/opt/airflow/dags/airflow.py     95  0.02s             0           1  0.07s           2025-10-06T13:03:01
================================================================================
[2025-10-06T13:04:02.325+0000] {manager.py:878} INFO - 
================================================================================
DAG File Processing Stats

File Path                       PID  Runtime      # DAGs    # Errors  Last Runtime    Last Run
----------------------------  -----  ---------  --------  ----------  --------------  -------------------
/opt/airflow/dags/airflow.py    102  0.02s             0           1  0.25s           2025-10-06T13:03:32
================================================================================
[2025-10-06T13:04:32.709+0000] {manager.py:878} INFO - 
================================================================================
DAG File Processing Stats

File Path                       PID  Runtime      # DAGs    # Errors  Last Runtime    Last Run
----------------------------  -----  ---------  --------  ----------  --------------  -------------------
/opt/airflow/dags/airflow.py    109  0.01s             0           1  0.12s           2025-10-06T13:04:02
================================================================================
[2025-10-06T13:05:03.170+0000] {manager.py:878} INFO - 
================================================================================
DAG File Processing Stats

File Path                       PID  Runtime      # DAGs    # Errors  Last Runtime    Last Run
----------------------------  -----  ---------  --------  ----------  --------------  -------------------
/opt/airflow/dags/airflow.py    116  0.03s             0           1  0.05s           2025-10-06T13:04:32
================================================================================
[2025-10-06T13:05:34.120+0000] {manager.py:878} INFO - 
================================================================================
DAG File Processing Stats

File Path                       PID  Runtime      # DAGs    # Errors  Last Runtime    Last Run
----------------------------  -----  ---------  --------  ----------  --------------  -------------------
/opt/airflow/dags/airflow.py    123  0.34s             0           1  0.21s           2025-10-06T13:05:03
================================================================================
[2025-10-06T13:06:04.585+0000] {manager.py:878} INFO - 
================================================================================
DAG File Processing Stats

File Path                     PID    Runtime      # DAGs    # Errors  Last Runtime    Last Run
----------------------------  -----  ---------  --------  ----------  --------------  -------------------
/opt/airflow/dags/airflow.py                           0           1  1.62s           2025-10-06T13:05:35
================================================================================
[2025-10-06T13:06:35.073+0000] {manager.py:878} INFO - 
================================================================================
DAG File Processing Stats

File Path                     PID    Runtime      # DAGs    # Errors  Last Runtime    Last Run
----------------------------  -----  ---------  --------  ----------  --------------  -------------------
/opt/airflow/dags/airflow.py                           0           1  0.10s           2025-10-06T13:06:05
================================================================================
[2025-10-06T13:07:05.427+0000] {manager.py:878} INFO - 
================================================================================
DAG File Processing Stats

File Path                     PID    Runtime      # DAGs    # Errors  Last Runtime    Last Run
----------------------------  -----  ---------  --------  ----------  --------------  -------------------
/opt/airflow/dags/airflow.py                           0           1  0.21s           2025-10-06T13:06:36
================================================================================
[2025-10-06T13:07:35.784+0000] {manager.py:878} INFO - 
================================================================================
DAG File Processing Stats

File Path                     PID    Runtime      # DAGs    # Errors  Last Runtime    Last Run
----------------------------  -----  ---------  --------  ----------  --------------  -------------------
/opt/airflow/dags/airflow.py                           0           1  0.06s           2025-10-06T13:07:06
================================================================================
[2025-10-06T13:07:53.038+0000] {manager.py:1128} WARNING - Skipping processing of missing file: /opt/airflow/dags/airflow.py
[2025-10-06T13:08:01.255+0000] {manager.py:737} INFO - Searching for files in /opt/airflow/dags
[2025-10-06T13:08:01.276+0000] {manager.py:740} INFO - There are 1 files in /opt/airflow/dags
[2025-10-06T13:08:05.471+0000] {manager.py:452} INFO - Exiting gracefully upon receiving signal 15
[2025-10-06T13:08:27.229+0000] {manager.py:470} INFO - Processing files using up to 2 processes at a time 
[2025-10-06T13:08:27.230+0000] {manager.py:471} INFO - Process each file at most once every 30 seconds
[2025-10-06T13:08:27.230+0000] {manager.py:472} INFO - Checking for new files in /opt/airflow/dags every 300 seconds
[2025-10-06T13:08:27.230+0000] {manager.py:737} INFO - Searching for files in /opt/airflow/dags
[2025-10-06T13:08:27.235+0000] {manager.py:740} INFO - There are 1 files in /opt/airflow/dags
[2025-10-06T13:08:27.293+0000] {manager.py:878} INFO - 
================================================================================
DAG File Processing Stats

File Path                        PID  Runtime      # DAGs    # Errors  Last Runtime    Last Run
-----------------------------  -----  ---------  --------  ----------  --------------  ----------
/opt/airflow/dags/lab1_dag.py     65  0.03s             0           0
================================================================================
[2025-10-06T13:08:51.579+0000] {manager.py:452} INFO - Exiting gracefully upon receiving signal 15
[2025-10-06T13:11:54.898+0000] {manager.py:470} INFO - Processing files using up to 2 processes at a time 
[2025-10-06T13:11:54.902+0000] {manager.py:471} INFO - Process each file at most once every 30 seconds
[2025-10-06T13:11:54.907+0000] {manager.py:472} INFO - Checking for new files in /opt/airflow/dags every 300 seconds
[2025-10-06T13:11:54.909+0000] {manager.py:737} INFO - Searching for files in /opt/airflow/dags
[2025-10-06T13:11:54.943+0000] {manager.py:740} INFO - There are 1 files in /opt/airflow/dags
[2025-10-06T13:11:55.170+0000] {manager.py:878} INFO - 
================================================================================
DAG File Processing Stats

File Path                        PID  Runtime      # DAGs    # Errors  Last Runtime    Last Run
-----------------------------  -----  ---------  --------  ----------  --------------  ----------
/opt/airflow/dags/lab1_dag.py     89  0.12s             0           0
================================================================================
[2025-10-06T13:12:25.518+0000] {manager.py:878} INFO - 
================================================================================
DAG File Processing Stats

File Path                      PID    Runtime      # DAGs    # Errors  Last Runtime    Last Run
-----------------------------  -----  ---------  --------  ----------  --------------  -------------------
/opt/airflow/dags/lab1_dag.py                           1           0  3.45s           2025-10-06T13:11:58
================================================================================
[2025-10-06T13:12:55.557+0000] {manager.py:878} INFO - 
================================================================================
DAG File Processing Stats

File Path                      PID    Runtime      # DAGs    # Errors  Last Runtime    Last Run
-----------------------------  -----  ---------  --------  ----------  --------------  -------------------
/opt/airflow/dags/lab1_dag.py                           1           0  6.65s           2025-10-06T13:12:35
================================================================================
[2025-10-06T13:13:25.884+0000] {manager.py:878} INFO - 
================================================================================
DAG File Processing Stats

File Path                      PID    Runtime      # DAGs    # Errors  Last Runtime    Last Run
-----------------------------  -----  ---------  --------  ----------  --------------  -------------------
/opt/airflow/dags/lab1_dag.py                           1           0  1.24s           2025-10-06T13:13:06
================================================================================
[2025-10-06T13:13:56.233+0000] {manager.py:878} INFO - 
================================================================================
DAG File Processing Stats

File Path                      PID    Runtime      # DAGs    # Errors  Last Runtime    Last Run
-----------------------------  -----  ---------  --------  ----------  --------------  -------------------
/opt/airflow/dags/lab1_dag.py                           1           0  1.48s           2025-10-06T13:13:38
================================================================================
[2025-10-06T13:14:26.963+0000] {manager.py:878} INFO - 
================================================================================
DAG File Processing Stats

File Path                      PID    Runtime      # DAGs    # Errors  Last Runtime    Last Run
-----------------------------  -----  ---------  --------  ----------  --------------  -------------------
/opt/airflow/dags/lab1_dag.py                           1           0  1.06s           2025-10-06T13:14:09
================================================================================
[2025-10-06T13:14:57.604+0000] {manager.py:878} INFO - 
================================================================================
DAG File Processing Stats

File Path                      PID    Runtime      # DAGs    # Errors  Last Runtime    Last Run
-----------------------------  -----  ---------  --------  ----------  --------------  -------------------
/opt/airflow/dags/lab1_dag.py                           1           0  1.23s           2025-10-06T13:14:41
================================================================================
[2025-10-06T13:15:28.074+0000] {manager.py:878} INFO - 
================================================================================
DAG File Processing Stats

File Path                      PID    Runtime      # DAGs    # Errors  Last Runtime    Last Run
-----------------------------  -----  ---------  --------  ----------  --------------  -------------------
/opt/airflow/dags/lab1_dag.py                           1           0  1.14s           2025-10-06T13:15:12
================================================================================
[2025-10-06T13:15:58.356+0000] {manager.py:878} INFO - 
================================================================================
DAG File Processing Stats

File Path                      PID    Runtime      # DAGs    # Errors  Last Runtime    Last Run
-----------------------------  -----  ---------  --------  ----------  --------------  -------------------
/opt/airflow/dags/lab1_dag.py                           1           0  0.89s           2025-10-06T13:15:44
================================================================================
[2025-10-06T13:16:28.553+0000] {manager.py:878} INFO - 
================================================================================
DAG File Processing Stats

File Path                      PID    Runtime      # DAGs    # Errors  Last Runtime    Last Run
-----------------------------  -----  ---------  --------  ----------  --------------  -------------------
/opt/airflow/dags/lab1_dag.py                           1           0  0.81s           2025-10-06T13:16:15
================================================================================
[2025-10-06T13:16:54.911+0000] {manager.py:737} INFO - Searching for files in /opt/airflow/dags
[2025-10-06T13:16:54.931+0000] {manager.py:740} INFO - There are 1 files in /opt/airflow/dags
[2025-10-06T13:16:58.825+0000] {manager.py:878} INFO - 
================================================================================
DAG File Processing Stats

File Path                      PID    Runtime      # DAGs    # Errors  Last Runtime    Last Run
-----------------------------  -----  ---------  --------  ----------  --------------  -------------------
/opt/airflow/dags/lab1_dag.py                           1           0  0.91s           2025-10-06T13:16:46
================================================================================
[2025-10-06T13:17:29.139+0000] {manager.py:878} INFO - 
================================================================================
DAG File Processing Stats

File Path                      PID    Runtime      # DAGs    # Errors  Last Runtime    Last Run
-----------------------------  -----  ---------  --------  ----------  --------------  -------------------
/opt/airflow/dags/lab1_dag.py                           1           0  1.11s           2025-10-06T13:17:18
================================================================================
[2025-10-06T13:17:59.200+0000] {manager.py:878} INFO - 
================================================================================
DAG File Processing Stats

File Path                      PID    Runtime      # DAGs    # Errors  Last Runtime    Last Run
-----------------------------  -----  ---------  --------  ----------  --------------  -------------------
/opt/airflow/dags/lab1_dag.py                           1           0  0.76s           2025-10-06T13:17:49
================================================================================
[2025-10-06T13:18:29.477+0000] {manager.py:878} INFO - 
================================================================================
DAG File Processing Stats

File Path                      PID    Runtime      # DAGs    # Errors  Last Runtime    Last Run
-----------------------------  -----  ---------  --------  ----------  --------------  -------------------
/opt/airflow/dags/lab1_dag.py                           1           0  0.91s           2025-10-06T13:18:20
================================================================================
[2025-10-06T13:18:59.602+0000] {manager.py:878} INFO - 
================================================================================
DAG File Processing Stats

File Path                      PID    Runtime      # DAGs    # Errors  Last Runtime    Last Run
-----------------------------  -----  ---------  --------  ----------  --------------  -------------------
/opt/airflow/dags/lab1_dag.py                           1           0  0.75s           2025-10-06T13:18:51
================================================================================
[2025-10-06T13:19:29.997+0000] {manager.py:878} INFO - 
================================================================================
DAG File Processing Stats

File Path                      PID    Runtime      # DAGs    # Errors  Last Runtime    Last Run
-----------------------------  -----  ---------  --------  ----------  --------------  -------------------
/opt/airflow/dags/lab1_dag.py                           1           0  1.11s           2025-10-06T13:19:22
================================================================================
